[ 50%] [32mBuilding CXX object CMakeFiles/turtlesim_automata_node.dir/src/turtlesim_automata_node.cpp.o[0m
In file included from [01m[K/opt/ros/humble/include/rclcpp/rclcpp/client.hpp:40[m[K,
                 from [01m[K/opt/ros/humble/include/rclcpp/rclcpp/callback_group.hpp:24[m[K,
                 from [01m[K/opt/ros/humble/include/rclcpp/rclcpp/any_executable.hpp:20[m[K,
                 from [01m[K/opt/ros/humble/include/rclcpp/rclcpp/memory_strategy.hpp:25[m[K,
                 from [01m[K/opt/ros/humble/include/rclcpp/rclcpp/memory_strategies.hpp:18[m[K,
                 from [01m[K/opt/ros/humble/include/rclcpp/rclcpp/executor_options.hpp:20[m[K,
                 from [01m[K/opt/ros/humble/include/rclcpp/rclcpp/executor.hpp:37[m[K,
                 from [01m[K/opt/ros/humble/include/rclcpp/rclcpp/executors/multi_threaded_executor.hpp:25[m[K,
                 from [01m[K/opt/ros/humble/include/rclcpp/rclcpp/executors.hpp:21[m[K,
                 from [01m[K/opt/ros/humble/include/rclcpp/rclcpp/rclcpp.hpp:155[m[K,
                 from [01m[K/home/vella/ros2_ws/src/turtlesim_automata/src/turtlesim_automata_node.cpp:1[m[K:
[01m[K/home/vella/ros2_ws/src/turtlesim_automata/src/turtlesim_automata_node.cpp:[m[K In function â€˜[01m[Kint main(int, char**)[m[Kâ€™:
[01m[K/home/vella/ros2_ws/src/turtlesim_automata/src/turtlesim_automata_node.cpp:176:17:[m[K [01;31m[Kerror: [m[Kinvalid use of â€˜[01m[Kthis[m[Kâ€™ in non-member function
  176 |     RCLCPP_INFO([01;31m[Kthis[m[K->get_logger(), "Waiting for teleport service...");
      |                 [01;31m[K^~~~[m[K
[01m[K/home/vella/ros2_ws/src/turtlesim_automata/src/turtlesim_automata_node.cpp:176:17:[m[K [01;31m[Kerror: [m[Kinvalid use of â€˜[01m[Kthis[m[Kâ€™ in non-member function
[01m[K/home/vella/ros2_ws/src/turtlesim_automata/src/turtlesim_automata_node.cpp:176:5:[m[K [01;31m[Kerror: [m[Ktemplate argument 1 is invalid
  176 |     [01;31m[KRCLCPP_INFO[m[K(this->get_logger(), "Waiting for teleport service...");
      |     [01;31m[K^~~~~~~~~~~[m[K
[01m[K/home/vella/ros2_ws/src/turtlesim_automata/src/turtlesim_automata_node.cpp:176:5:[m[K [01;31m[Kerror: [m[Ktemplate argument 1 is invalid
  176 |     [01;31m[KRCLCPP_INFO[m[K(this->get_logger(), "Waiting for teleport service...");
      |     [01;31m[K^~~~~~~~~~~[m[K
[01m[K/home/vella/ros2_ws/src/turtlesim_automata/src/turtlesim_automata_node.cpp:176:5:[m[K [01;31m[Kerror: [m[Ktemplate argument 1 is invalid
  176 |     [01;31m[KRCLCPP_INFO[m[K(this->get_logger(), "Waiting for teleport service...");
      |     [01;31m[K^~~~~~~~~~~[m[K
In file included from [01m[K/opt/ros/humble/include/rclcpp/rclcpp/logging.hpp:24[m[K,
                 from [01m[K/opt/ros/humble/include/rclcpp/rclcpp/client.hpp:40[m[K,
                 from [01m[K/opt/ros/humble/include/rclcpp/rclcpp/callback_group.hpp:24[m[K,
                 from [01m[K/opt/ros/humble/include/rclcpp/rclcpp/any_executable.hpp:20[m[K,
                 from [01m[K/opt/ros/humble/include/rclcpp/rclcpp/memory_strategy.hpp:25[m[K,
                 from [01m[K/opt/ros/humble/include/rclcpp/rclcpp/memory_strategies.hpp:18[m[K,
                 from [01m[K/opt/ros/humble/include/rclcpp/rclcpp/executor_options.hpp:20[m[K,
                 from [01m[K/opt/ros/humble/include/rclcpp/rclcpp/executor.hpp:37[m[K,
                 from [01m[K/opt/ros/humble/include/rclcpp/rclcpp/executors/multi_threaded_executor.hpp:25[m[K,
                 from [01m[K/opt/ros/humble/include/rclcpp/rclcpp/executors.hpp:21[m[K,
                 from [01m[K/opt/ros/humble/include/rclcpp/rclcpp/rclcpp.hpp:155[m[K,
                 from [01m[K/home/vella/ros2_ws/src/turtlesim_automata/src/turtlesim_automata_node.cpp:1[m[K:
[01m[K/home/vella/ros2_ws/src/turtlesim_automata/src/turtlesim_automata_node.cpp:176:17:[m[K [01;31m[Kerror: [m[Kinvalid use of â€˜[01m[Kthis[m[Kâ€™ in non-member function
  176 |     RCLCPP_INFO([01;31m[Kthis[m[K->get_logger(), "Waiting for teleport service...");
      |                 [01;31m[K^~~~[m[K
[01m[K/home/vella/ros2_ws/src/turtlesim_automata/src/turtlesim_automata_node.cpp:176:17:[m[K [01;31m[Kerror: [m[Kinvalid use of â€˜[01m[Kthis[m[Kâ€™ in non-member function
  176 |     RCLCPP_INFO([01;31m[Kthis[m[K->get_logger(), "Waiting for teleport service...");
      |                 [01;31m[K^~~~[m[K
gmake[2]: *** [CMakeFiles/turtlesim_automata_node.dir/build.make:76: CMakeFiles/turtlesim_automata_node.dir/src/turtlesim_automata_node.cpp.o] Error 1
gmake[1]: *** [CMakeFiles/Makefile2:137: CMakeFiles/turtlesim_automata_node.dir/all] Error 2
gmake: *** [Makefile:146: all] Error 2
