[01m[K/home/vella/Desktop/ros2_ws_2/src/turtlesim_automata/src/turtlesim_automata_node.cpp:[m[K In member function â€˜[01m[Kvoid TurtlesimAutomata::pose_callback(turtlesim::msg::Pose_<std::allocator<void> >::SharedPtr)[m[Kâ€™:
[01m[K/home/vella/Desktop/ros2_ws_2/src/turtlesim_automata/src/turtlesim_automata_node.cpp:44:9:[m[K [01;31m[Kerror: [m[Kâ€˜[01m[Kcurrent_posistion[m[Kâ€™ was not declared in this scope; did you mean â€˜[01m[Kcurrent_position_[m[Kâ€™?
   44 |         [01;31m[Kcurrent_posistion[m[K = *msg;
      |         [01;31m[K^~~~~~~~~~~~~~~~~[m[K
      |         [32m[Kcurrent_position_[m[K
gmake[2]: *** [CMakeFiles/turtlesim_automata_node.dir/build.make:76: CMakeFiles/turtlesim_automata_node.dir/src/turtlesim_automata_node.cpp.o] Error 1
gmake[1]: *** [CMakeFiles/Makefile2:137: CMakeFiles/turtlesim_automata_node.dir/all] Error 2
gmake: *** [Makefile:146: all] Error 2
