[35m[1mConsolidate compiler generated dependencies of target turtlesim_automata_node[0m
[ 50%] [32mBuilding CXX object CMakeFiles/turtlesim_automata_node.dir/src/turtlesim_automata_node.cpp.o[0m
[01m[K/home/vella/ros2_ws/src/turtlesim_automata/src/turtlesim_automata_node.cpp:[m[K In member function â€˜[01m[Kvoid TurtlesimAutomata::teleport_to_random_position()[m[Kâ€™:
[01m[K/home/vella/ros2_ws/src/turtlesim_automata/src/turtlesim_automata_node.cpp:121:36:[m[K [01;31m[Kerror: [m[Kbase operand of â€˜[01m[K->[m[Kâ€™ has non-pointer type â€˜[01m[Krclcpp::Client<turtlesim::srv::TeleportAbsolute>::FutureAndRequestId[m[Kâ€™
  121 |             current_pose_ = *result[01;31m[K->[m[Kget();
      |                                    [01;31m[K^~[m[K
gmake[2]: *** [CMakeFiles/turtlesim_automata_node.dir/build.make:76: CMakeFiles/turtlesim_automata_node.dir/src/turtlesim_automata_node.cpp.o] Error 1
gmake[1]: *** [CMakeFiles/Makefile2:137: CMakeFiles/turtlesim_automata_node.dir/all] Error 2
gmake: *** [Makefile:146: all] Error 2
