[ 50%] [32mBuilding CXX object CMakeFiles/turtlesim_automata_node.dir/src/turtlesim_automata_node.cpp.o[0m
[01m[K/home/vella/Desktop/ros2_ws_2/src/turtlesim_automata/src/turtlesim_automata_node.cpp:159:7:[m[K [01;31m[Kerror: [m[Kredefinition of â€˜[01m[Kclass TurtlesimAutomata[m[Kâ€™
  159 | class [01;31m[KTurtlesimAutomata[m[K : public rclcpp::Node
      |       [01;31m[K^~~~~~~~~~~~~~~~~[m[K
[01m[K/home/vella/Desktop/ros2_ws_2/src/turtlesim_automata/src/turtlesim_automata_node.cpp:9:7:[m[K [01;36m[Knote: [m[Kprevious definition of â€˜[01m[Kclass TurtlesimAutomata[m[Kâ€™
    9 | class [01;36m[KTurtlesimAutomata[m[K : public rclcpp::Node
      |       [01;36m[K^~~~~~~~~~~~~~~~~[m[K
[01m[K/home/vella/Desktop/ros2_ws_2/src/turtlesim_automata/src/turtlesim_automata_node.cpp:294:5:[m[K [01;31m[Kerror: [m[Kredefinition of â€˜[01m[Kint main(int, char**)[m[Kâ€™
  294 | int [01;31m[Kmain[m[K(int argc, char *argv[])
      |     [01;31m[K^~~~[m[K
[01m[K/home/vella/Desktop/ros2_ws_2/src/turtlesim_automata/src/turtlesim_automata_node.cpp:144:5:[m[K [01;36m[Knote: [m[Kâ€˜[01m[Kint main(int, char**)[m[Kâ€™ previously defined here
  144 | int [01;36m[Kmain[m[K(int argc, char *argv[])
      |     [01;36m[K^~~~[m[K
gmake[2]: *** [CMakeFiles/turtlesim_automata_node.dir/build.make:76: CMakeFiles/turtlesim_automata_node.dir/src/turtlesim_automata_node.cpp.o] Error 1
gmake[1]: *** [CMakeFiles/Makefile2:137: CMakeFiles/turtlesim_automata_node.dir/all] Error 2
gmake: *** [Makefile:146: all] Error 2
