[01m[K/home/vella/Desktop/ros2_ws_2/src/turtlesim_automata/src/turtlesim_automata_node.cpp:[m[K In member function â€˜[01m[Kbool TurtlesimAutomata::near_edge()[m[Kâ€™:
[01m[K/home/vella/Desktop/ros2_ws_2/src/turtlesim_automata/src/turtlesim_automata_node.cpp:76:147:[m[K [01;31m[Kerror: [m[Kexpected â€˜[01m[K)[m[Kâ€™ before â€˜[01m[K;[m[Kâ€™ token
   76 | pose_.x > 11.0 - margin) || (current_pose_.y < margin) || (current_pose_.y > 11.0 - margin)[01;31m[K;[m[K
      |                                                                                            [01;31m[K^[m[K

[01m[K/home/vella/Desktop/ros2_ws_2/src/turtlesim_automata/src/turtlesim_automata_node.cpp:76:16:[m[K [01;36m[Knote: [m[Kto match this â€˜[01m[K([m[Kâ€™
   76 |         return [01;36m[K([m[K(current_pose_.x < margin) || (current_pose_.x > 11.0 - margin) || (current_pose_.y < margin) || (current_pose_.y > 11.0 - margin);
      |                [01;36m[K^[m[K
gmake[2]: *** [CMakeFiles/turtlesim_automata_node.dir/build.make:76: CMakeFiles/turtlesim_automata_node.dir/src/turtlesim_automata_node.cpp.o] Error 1
gmake[1]: *** [CMakeFiles/Makefile2:137: CMakeFiles/turtlesim_automata_node.dir/all] Error 2
gmake: *** [Makefile:146: all] Error 2
