[0.044s] Invoking command in '/home/vella/Desktop/ros2_ws_2/build/turtlesim_automata': CMAKE_PREFIX_PATH=${CMAKE_PREFIX_PATH}:/opt/ros/humble /usr/bin/cmake --build /home/vella/Desktop/ros2_ws_2/build/turtlesim_automata -- -j7 -l7
[0.441s] [ 50%] [32mBuilding CXX object CMakeFiles/turtlesim_automata_node.dir/src/turtlesim_automata_node.cpp.o[0m
[0.801s] [01m[K/home/vella/Desktop/ros2_ws_2/src/turtlesim_automata/src/turtlesim_automata_node.cpp:4:10:[m[K [01;31m[Kfatal error: [m[Kros/ros.h: No such file or directory
[0.801s]     4 | #include [01;31m[K<ros/ros.h>[m[K
[0.802s]       |          [01;31m[K^~~~~~~~~~~[m[K
[0.802s] compilation terminated.
[0.805s] gmake[2]: *** [CMakeFiles/turtlesim_automata_node.dir/build.make:76: CMakeFiles/turtlesim_automata_node.dir/src/turtlesim_automata_node.cpp.o] Error 1
[0.806s] gmake[1]: *** [CMakeFiles/Makefile2:137: CMakeFiles/turtlesim_automata_node.dir/all] Error 2
[0.807s] gmake: *** [Makefile:146: all] Error 2
[0.843s] Invoked command in '/home/vella/Desktop/ros2_ws_2/build/turtlesim_automata' returned '2': CMAKE_PREFIX_PATH=${CMAKE_PREFIX_PATH}:/opt/ros/humble /usr/bin/cmake --build /home/vella/Desktop/ros2_ws_2/build/turtlesim_automata -- -j7 -l7
