[0.034s] Invoking command in '/home/vella/Desktop/ros2_ws_2/build/turtlesim_automata': CMAKE_PREFIX_PATH=${CMAKE_PREFIX_PATH}:/opt/ros/humble /usr/bin/cmake --build /home/vella/Desktop/ros2_ws_2/build/turtlesim_automata -- -j7 -l7
[0.221s] [35m[1mConsolidate compiler generated dependencies of target turtlesim_automata_node[0m
[0.311s] [ 50%] [32mBuilding CXX object CMakeFiles/turtlesim_automata_node.dir/src/turtlesim_automata_node.cpp.o[0m
[7.747s] [01m[K/home/vella/Desktop/ros2_ws_2/src/turtlesim_automata/src/turtlesim_automata_node.cpp:[m[K In member function â€˜[01m[Kvoid TurtlesimAutomata::move_turtle()[m[Kâ€™:
[7.748s] [01m[K/home/vella/Desktop/ros2_ws_2/src/turtlesim_automata/src/turtlesim_automata_node.cpp:54:17:[m[K [01;31m[Kerror: [m[Kexpected â€˜[01m[K;[m[Kâ€™ before â€˜[01m[Kdelay_duration_[m[Kâ€™
[7.748s]    54 |                 [01;31m[Kdelay_duration_[m[K = 10; // Stop for 1 second (10 * 100ms)
[7.748s]       |                 [01;31m[K^~~~~~~~~~~~~~~[m[K
[14.854s] gmake[2]: *** [CMakeFiles/turtlesim_automata_node.dir/build.make:76: CMakeFiles/turtlesim_automata_node.dir/src/turtlesim_automata_node.cpp.o] Error 1
[14.855s] gmake[1]: *** [CMakeFiles/Makefile2:137: CMakeFiles/turtlesim_automata_node.dir/all] Error 2
[14.855s] gmake: *** [Makefile:146: all] Error 2
[14.923s] Invoked command in '/home/vella/Desktop/ros2_ws_2/build/turtlesim_automata' returned '2': CMAKE_PREFIX_PATH=${CMAKE_PREFIX_PATH}:/opt/ros/humble /usr/bin/cmake --build /home/vella/Desktop/ros2_ws_2/build/turtlesim_automata -- -j7 -l7
