[01m[K/home/vella/Desktop/ros2_ws_2/src/turtlesim_automata/src/turtlesim_automata_node.cpp:[m[K In member function â€˜[01m[Kvoid TurtlesimAutomata::move_turtle()[m[Kâ€™:
[01m[K/home/vella/Desktop/ros2_ws_2/src/turtlesim_automata/src/turtlesim_automata_node.cpp:43:16:[m[K [01;31m[Kerror: [m[Kâ€˜[01m[Kdelay_duration_[m[Kâ€™ was not declared in this scope; did you mean â€˜[01m[Kdelay_rotation_[m[Kâ€™?
   43 |            if ([01;31m[Kdelay_duration_[m[K > 0)
      |                [01;31m[K^~~~~~~~~~~~~~~[m[K
      |                [32m[Kdelay_rotation_[m[K
[01m[K/home/vella/Desktop/ros2_ws_2/src/turtlesim_automata/src/turtlesim_automata_node.cpp:54:17:[m[K [01;31m[Kerror: [m[Kexpected â€˜[01m[K;[m[Kâ€™ before â€˜[01m[Kdelay_duration_[m[Kâ€™
   54 |                 [01;31m[Kdelay_duration_[m[K = 10; // Stop for 1 second (10 * 100ms)
      |                 [01;31m[K^~~~~~~~~~~~~~~[m[K
gmake[2]: *** [CMakeFiles/turtlesim_automata_node.dir/build.make:76: CMakeFiles/turtlesim_automata_node.dir/src/turtlesim_automata_node.cpp.o] Error 1
gmake[1]: *** [CMakeFiles/Makefile2:137: CMakeFiles/turtlesim_automata_node.dir/all] Error 2
gmake: *** [Makefile:146: all] Error 2
