[0.109s] Invoking command in '/home/vella/Desktop/ros2_ws_2/build/turtlesim_automata': CMAKE_PREFIX_PATH=${CMAKE_PREFIX_PATH}:/opt/ros/humble /usr/bin/cmake --build /home/vella/Desktop/ros2_ws_2/build/turtlesim_automata -- -j7 -l7
[0.431s] [35m[1mConsolidate compiler generated dependencies of target turtlesim_automata_node[0m
[0.585s] [ 50%] [32mBuilding CXX object CMakeFiles/turtlesim_automata_node.dir/src/turtlesim_automata_node.cpp.o[0m
[8.183s] [01m[K/home/vella/Desktop/ros2_ws_2/src/turtlesim_automata/src/turtlesim_automata_node.cpp:[m[K In member function â€˜[01m[Kvoid TurtlesimAutomata::move_turtle()[m[Kâ€™:
[8.183s] [01m[K/home/vella/Desktop/ros2_ws_2/src/turtlesim_automata/src/turtlesim_automata_node.cpp:43:16:[m[K [01;31m[Kerror: [m[Kâ€˜[01m[Kdelay_duration_[m[Kâ€™ was not declared in this scope; did you mean â€˜[01m[Kdelay_rotation_[m[Kâ€™?
[8.183s]    43 |            if ([01;31m[Kdelay_duration_[m[K > 0)
[8.183s]       |                [01;31m[K^~~~~~~~~~~~~~~[m[K
[8.183s]       |                [32m[Kdelay_rotation_[m[K
[8.186s] [01m[K/home/vella/Desktop/ros2_ws_2/src/turtlesim_automata/src/turtlesim_automata_node.cpp:54:17:[m[K [01;31m[Kerror: [m[Kexpected â€˜[01m[K;[m[Kâ€™ before â€˜[01m[Kdelay_duration_[m[Kâ€™
[8.186s]    54 |                 [01;31m[Kdelay_duration_[m[K = 10; // Stop for 1 second (10 * 100ms)
[8.186s]       |                 [01;31m[K^~~~~~~~~~~~~~~[m[K
[14.687s] gmake[2]: *** [CMakeFiles/turtlesim_automata_node.dir/build.make:76: CMakeFiles/turtlesim_automata_node.dir/src/turtlesim_automata_node.cpp.o] Error 1
[14.688s] gmake[1]: *** [CMakeFiles/Makefile2:137: CMakeFiles/turtlesim_automata_node.dir/all] Error 2
[14.688s] gmake: *** [Makefile:146: all] Error 2
[14.758s] Invoked command in '/home/vella/Desktop/ros2_ws_2/build/turtlesim_automata' returned '2': CMAKE_PREFIX_PATH=${CMAKE_PREFIX_PATH}:/opt/ros/humble /usr/bin/cmake --build /home/vella/Desktop/ros2_ws_2/build/turtlesim_automata -- -j7 -l7
