[0.018s] Invoking command in '/home/vella/Desktop/ros2_ws_2/build/turtlesim_automata': CMAKE_PREFIX_PATH=/opt/ros/humble /usr/bin/cmake --build /home/vella/Desktop/ros2_ws_2/build/turtlesim_automata -- -j7 -l7
[0.121s] [ 50%] [32mBuilding CXX object CMakeFiles/turtlesim_automata_node.dir/src/turtlesim_automata_node.cpp.o[0m
[2.599s] [01m[K/home/vella/Desktop/ros2_ws_2/src/turtlesim_automata/src/turtlesim_automata_node.cpp:[m[K In member function â€˜[01m[Kbool TurtlesimAutomata::near_edge()[m[Kâ€™:
[2.599s] [01m[K/home/vella/Desktop/ros2_ws_2/src/turtlesim_automata/src/turtlesim_automata_node.cpp:108:55:[m[K [01;31m[Kerror: [m[Kâ€˜[01m[Kcurrent_twist[m[Kâ€™ was not declared in this scope; did you mean â€˜[01m[Kcurrent_twist_[m[Kâ€™?
[2.599s]   108 |         bool is_near = (current_pose_.x < boundary && [01;31m[Kcurrent_twist[m[K.linear.x < 0);
[2.599s]       |                                                       [01;31m[K^~~~~~~~~~~~~[m[K
[2.600s]       |                                                       [32m[Kcurrent_twist_[m[K
[5.901s] gmake[2]: *** [CMakeFiles/turtlesim_automata_node.dir/build.make:76: CMakeFiles/turtlesim_automata_node.dir/src/turtlesim_automata_node.cpp.o] Error 1
[5.901s] gmake[1]: *** [CMakeFiles/Makefile2:137: CMakeFiles/turtlesim_automata_node.dir/all] Error 2
[5.901s] gmake: *** [Makefile:146: all] Error 2
[5.918s] Invoked command in '/home/vella/Desktop/ros2_ws_2/build/turtlesim_automata' returned '2': CMAKE_PREFIX_PATH=/opt/ros/humble /usr/bin/cmake --build /home/vella/Desktop/ros2_ws_2/build/turtlesim_automata -- -j7 -l7
