[01m[K/home/vella/Desktop/ros2_ws_2/src/turtlesim_automata/src/turtlesim_automata_node.cpp:[m[K In constructor â€˜[01m[KTurtlesimAutomata::TurtlesimAutomata()[m[Kâ€™:
[01m[K/home/vella/Desktop/ros2_ws_2/src/turtlesim_automata/src/turtlesim_automata_node.cpp:36:9:[m[K [01;31m[Kerror: [m[Kâ€˜[01m[Kcurrent_position_[m[Kâ€™ was not declared in this scope; did you mean â€˜[01m[Kcurrent_position[m[Kâ€™?
   36 |         [01;31m[Kcurrent_position_[m[K.theta = random_angle;  // tried many possible  cases to rotate the random angle but the mysterious machine is acting unpredictably  but not random and even worsening the simulation sometimes
      |         [01;31m[K^~~~~~~~~~~~~~~~~[m[K
      |         [32m[Kcurrent_position[m[K
[01m[K/home/vella/Desktop/ros2_ws_2/src/turtlesim_automata/src/turtlesim_automata_node.cpp:[m[K In member function â€˜[01m[Kvoid TurtlesimAutomata::pose_callback(turtlesim::msg::Pose_<std::allocator<void> >::SharedPtr)[m[Kâ€™:
[01m[K/home/vella/Desktop/ros2_ws_2/src/turtlesim_automata/src/turtlesim_automata_node.cpp:44:9:[m[K [01;31m[Kerror: [m[Kâ€˜[01m[Kcurrent_posistion[m[Kâ€™ was not declared in this scope; did you mean â€˜[01m[Kcurrent_position[m[Kâ€™?
   44 |         [01;31m[Kcurrent_posistion[m[K = *msg;
      |         [01;31m[K^~~~~~~~~~~~~~~~~[m[K
      |         [32m[Kcurrent_position[m[K
[01m[K/home/vella/Desktop/ros2_ws_2/src/turtlesim_automata/src/turtlesim_automata_node.cpp:[m[K In member function â€˜[01m[Kvoid TurtlesimAutomata::move_turtle()[m[Kâ€™:
[01m[K/home/vella/Desktop/ros2_ws_2/src/turtlesim_automata/src/turtlesim_automata_node.cpp:90:79:[m[K [01;31m[Kerror: [m[Kâ€˜[01m[Kcurrent_position_[m[Kâ€™ was not declared in this scope; did you mean â€˜[01m[Kcurrent_position[m[Kâ€™?
   90 |             current_twist_.linear.x = keep_in_bounds(current_twist_.linear.x, [01;31m[Kcurrent_position_[m[K.x, 'x');
      |                                                                               [01;31m[K^~~~~~~~~~~~~~~~~[m[K
      |                                                                               [32m[Kcurrent_position[m[K
[01m[K/home/vella/Desktop/ros2_ws_2/src/turtlesim_automata/src/turtlesim_automata_node.cpp:[m[K In member function â€˜[01m[Kbool TurtlesimAutomata::near_edge()[m[Kâ€™:
[01m[K/home/vella/Desktop/ros2_ws_2/src/turtlesim_automata/src/turtlesim_automata_node.cpp:102:28:[m[K [01;31m[Kerror: [m[Kâ€˜[01m[Kcurrent_position_[m[Kâ€™ was not declared in this scope; did you mean â€˜[01m[Kcurrent_position[m[Kâ€™?
  102 |         double is_near = (([01;31m[Kcurrent_position_[m[K.x < boundary) || (current_position_.x > 11.0 - boundary) || (current_position_.y < boundary) || (current_position_.y > 11.0 - boundary));
      |                            [01;31m[K^~~~~~~~~~~~~~~~~[m[K
      |                            [32m[Kcurrent_position[m[K
gmake[2]: *** [CMakeFiles/turtlesim_automata_node.dir/build.make:76: CMakeFiles/turtlesim_automata_node.dir/src/turtlesim_automata_node.cpp.o] Error 1
gmake[1]: *** [CMakeFiles/Makefile2:137: CMakeFiles/turtlesim_automata_node.dir/all] Error 2
gmake: *** [Makefile:146: all] Error 2
